<?xml version="1.0" encoding="UTF-8"?>
<testsuite name="com.natncompany.media.transcode.InternalTranscoderDecisionTest" tests="1" skipped="0" failures="1" errors="0" timestamp="2026-04-28T08:47:28.819Z" hostname="DESKTOP-8JL89QB" time="0.002">
  <properties/>
  <testcase name="initializationError" classname="com.natncompany.media.transcode.InternalTranscoderDecisionTest" time="0.002">
    <failure message="java.lang.IllegalArgumentException: failed to configure com.natncompany.media.transcode.InternalTranscoderDecisionTest.shouldTranscode returns true when compatibility requires it: Package targetSdkVersion=36 &gt; maxSdkVersion=35" type="java.lang.IllegalArgumentException">java.lang.IllegalArgumentException: failed to configure com.natncompany.media.transcode.InternalTranscoderDecisionTest.shouldTranscode returns true when compatibility requires it: Package targetSdkVersion=36 &gt; maxSdkVersion=35
	at org.robolectric.RobolectricTestRunner.getChildren(RobolectricTestRunner.java:216)
	at org.junit.runners.ParentRunner.getFilteredChildren(ParentRunner.java:534)
	at org.junit.runners.ParentRunner.getDescription(ParentRunner.java:400)
	at org.junit.runners.model.RunnerBuilder.configureRunner(RunnerBuilder.java:81)
	at org.junit.runners.model.RunnerBuilder.safeRunnerForClass(RunnerBuilder.java:72)
	at org.junit.internal.builders.AllDefaultPossibilitiesBuilder.runnerForClass(AllDefaultPossibilitiesBuilder.java:37)
	at org.junit.runners.model.RunnerBuilder.safeRunnerForClass(RunnerBuilder.java:70)
	at org.junit.internal.requests.ClassRequest.createRunner(ClassRequest.java:28)
	at org.junit.internal.requests.MemoizingRequest.getRunner(MemoizingRequest.java:19)
	at org.gradle.api.internal.tasks.testing.junit.JUnitTestClassExecutor.runTestClass(JUnitTestClassExecutor.java:87)
	at org.gradle.api.internal.tasks.testing.junit.JUnitTestClassExecutor.execute(JUnitTestClassExecutor.java:68)
	at org.gradle.api.internal.tasks.testing.junit.JUnitTestClassExecutor.execute(JUnitTestClassExecutor.java:43)
	at org.gradle.api.internal.tasks.testing.junit.AbstractJUnitTestClassProcessor.processTestClass(AbstractJUnitTestClassProcessor.java:61)
	at org.gradle.api.internal.tasks.testing.SuiteTestClassProcessor.processTestClass(SuiteTestClassProcessor.java:54)
	at java.base/jdk.internal.reflect.NativeMethodAccessorImpl.invoke0(Native Method)
	at java.base/jdk.internal.reflect.NativeMethodAccessorImpl.invoke(NativeMethodAccessorImpl.java:77)
	at java.base/jdk.internal.reflect.DelegatingMethodAccessorImpl.invoke(DelegatingMethodAccessorImpl.java:43)
	at java.base/java.lang.reflect.Method.invoke(Method.java:568)
	at org.gradle.internal.dispatch.ReflectionDispatch.dispatch(ReflectionDispatch.java:36)
	at org.gradle.internal.dispatch.ReflectionDispatch.dispatch(ReflectionDispatch.java:24)
	at org.gradle.internal.dispatch.ContextClassLoaderDispatch.dispatch(ContextClassLoaderDispatch.java:33)
	at org.gradle.internal.dispatch.ProxyDispatchAdapter$DispatchingInvocationHandler.invoke(ProxyDispatchAdapter.java:92)
	at jdk.proxy1/jdk.proxy1.$Proxy4.processTestClass(Unknown Source)
	at org.gradle.api.internal.tasks.testing.worker.TestWorker$2.run(TestWorker.java:177)
	at org.gradle.api.internal.tasks.testing.worker.TestWorker.executeAndMaintainThreadName(TestWorker.java:126)
	at org.gradle.api.internal.tasks.testing.worker.TestWorker.execute(TestWorker.java:103)
	at org.gradle.api.internal.tasks.testing.worker.TestWorker.execute(TestWorker.java:63)
	at org.gradle.process.internal.worker.child.ActionExecutionWorker.execute(ActionExecutionWorker.java:56)
	at org.gradle.process.internal.worker.child.SystemApplicationClassLoaderWorker.call(SystemApplicationClassLoaderWorker.java:122)
	at org.gradle.process.internal.worker.child.SystemApplicationClassLoaderWorker.call(SystemApplicationClassLoaderWorker.java:72)
	at worker.org.gradle.process.internal.worker.GradleWorkerMain.run(GradleWorkerMain.java:69)
	at worker.org.gradle.process.internal.worker.GradleWorkerMain.main(GradleWorkerMain.java:74)
Caused by: java.lang.IllegalArgumentException: Package targetSdkVersion=36 &gt; maxSdkVersion=35
	at org.robolectric.plugins.DefaultSdkPicker.configuredSdks(DefaultSdkPicker.java:119)
	at org.robolectric.plugins.DefaultSdkPicker.selectSdks(DefaultSdkPicker.java:70)
	at org.robolectric.RobolectricTestRunner.getChildren(RobolectricTestRunner.java:194)
	... 31 more
</failure>
  </testcase>
  <system-out><![CDATA[]]></system-out>
  <system-err><![CDATA[]]></system-err>
</testsuite>
